<?xml version="1.0" encoding="UTF-8"?>
<!-- Generated by org.testng.reporters.JUnitReportReporter -->
<testsuite hostname="DESKTOP-SJABMRN" failures="0" tests="1" name="XQ.Test" time="0.008" errors="0" timestamp="2024-04-18T01:50:49 PDT" skipped="0">
  <testcase classname="XQ.Test" name="Test1" time="0.008"/>
</testsuite> <!-- XQ.Test -->
