<?xml version="1.0" encoding="UTF-8"?>
<!-- Generated by org.testng.reporters.JUnitReportReporter -->
<testsuite hostname="DESKTOP-SJABMRN" failures="0" tests="1" name="XQ.Test" time="0.016" errors="0" timestamp="2024-04-17T10:35:54 PDT" skipped="0">
  <testcase classname="XQ.Test" name="Test1" time="0.016"/>
</testsuite> <!-- XQ.Test -->
